<?xml version="1.0" encoding="UTF-8"?>
<!-- Generated by org.testng.reporters.JUnitReportReporter -->
<testsuite skipped="0" hostname="LAPTOP-UC4FMCGE" name="com.blazedemo.testcases.PurchaseFlightTest" tests="1" failures="0" timestamp="19 Dec 2021 10:53:15 GMT" time="6.226" errors="0">
  <testcase name="purchaseFlightTest" time="6.226" classname="com.blazedemo.testcases.PurchaseFlightTest"/>
</testsuite> <!-- com.blazedemo.testcases.PurchaseFlightTest -->
