<?xml version="1.0" encoding="UTF-8"?>
<!-- Generated by org.testng.reporters.JUnitReportReporter -->
<testsuite skipped="0" hostname="LAPTOP-UC4FMCGE" name="com.blazedemo.testcases.SelectFlight" tests="1" failures="0" timestamp="18 Dec 2021 20:27:37 GMT" time="16.557" errors="0">
  <testcase name="addCustomerTest" time="16.557" classname="com.blazedemo.testcases.SelectFlight"/>
</testsuite> <!-- com.blazedemo.testcases.SelectFlight -->
