<?xml version="1.0" encoding="UTF-8"?>
<!-- Generated by org.testng.reporters.JUnitReportReporter -->
<testsuite skipped="0" hostname="LAPTOP-UC4FMCGE" name="com.blazedemo.testcases.SelectFlightTest" tests="1" failures="0" timestamp="19 Dec 2021 10:53:15 GMT" time="7.094" errors="0">
  <testcase name="selectFlightTest" time="7.094" classname="com.blazedemo.testcases.SelectFlightTest"/>
</testsuite> <!-- com.blazedemo.testcases.SelectFlightTest -->
