<?xml version="1.0" encoding="UTF-8"?>
<!-- Generated by org.testng.reporters.JUnitReportReporter -->
<testsuite skipped="0" hostname="LAPTOP-UC4FMCGE" name="com.blazedemo.testcases.ConfirmFlightTest" tests="1" failures="0" timestamp="19 Dec 2021 10:53:15 GMT" time="2.349" errors="0">
  <testcase name="confirmFlightTest" time="2.349" classname="com.blazedemo.testcases.ConfirmFlightTest"/>
</testsuite> <!-- com.blazedemo.testcases.ConfirmFlightTest -->
