<?xml version="1.0" encoding="UTF-8"?>
<!-- Generated by org.testng.reporters.JUnitReportReporter -->
<testsuite skipped="0" hostname="LAPTOP-UC4FMCGE" name="com.blazedemo.testcases.ConfirmFlight" tests="1" failures="0" timestamp="18 Dec 2021 20:27:37 GMT" time="2.010" errors="0">
  <testcase name="addCustomerTest" time="2.010" classname="com.blazedemo.testcases.ConfirmFlight"/>
</testsuite> <!-- com.blazedemo.testcases.ConfirmFlight -->
